[06-Mar-2024 19:21:00 Europe/Berlin] PHP Warning:  require(/home/tardeNuevo/Escritorio/Nueva carpetavendor/autoload.php): Failed to open stream: No such file or directory in /home/tardeNuevo/Escritorio/Nueva carpeta/server.php on line 2
[06-Mar-2024 19:21:01 Europe/Berlin] PHP Fatal error:  Uncaught Error: Failed opening required '/home/tardeNuevo/Escritorio/Nueva carpetavendor/autoload.php' (include_path='.:/usr/share/php') in /home/tardeNuevo/Escritorio/Nueva carpeta/server.php:2
Stack trace:
#0 {main}
  thrown in /home/tardeNuevo/Escritorio/Nueva carpeta/server.php on line 2
[06-Mar-2024 19:21:15 Europe/Berlin] PHP Warning:  require(/home/tardeNuevo/Escritorio/Nueva carpetavendor/autoload.php): Failed to open stream: No such file or directory in /home/tardeNuevo/Escritorio/Nueva carpeta/server.php on line 2
[06-Mar-2024 19:21:15 Europe/Berlin] PHP Fatal error:  Uncaught Error: Failed opening required '/home/tardeNuevo/Escritorio/Nueva carpetavendor/autoload.php' (include_path='.:/usr/share/php') in /home/tardeNuevo/Escritorio/Nueva carpeta/server.php:2
Stack trace:
#0 {main}
  thrown in /home/tardeNuevo/Escritorio/Nueva carpeta/server.php on line 2
[06-Mar-2024 19:22:41 Europe/Berlin] PHP Warning:  require(/home/tardeNuevo/Escritorio/Nueva carpetavendor/autoload.php): Failed to open stream: No such file or directory in /home/tardeNuevo/Escritorio/Nueva carpeta/server.php on line 2
[06-Mar-2024 19:22:41 Europe/Berlin] PHP Fatal error:  Uncaught Error: Failed opening required '/home/tardeNuevo/Escritorio/Nueva carpetavendor/autoload.php' (include_path='.:/usr/share/php') in /home/tardeNuevo/Escritorio/Nueva carpeta/server.php:2
Stack trace:
#0 {main}
  thrown in /home/tardeNuevo/Escritorio/Nueva carpeta/server.php on line 2
[06-Mar-2024 19:23:22 Europe/Berlin] PHP Warning:  require(/home/tardeNuevo/Escritorio/Nueva carpetavendor/autoload.php): Failed to open stream: No such file or directory in /home/tardeNuevo/Escritorio/Nueva carpeta/server.php on line 2
[06-Mar-2024 19:23:22 Europe/Berlin] PHP Fatal error:  Uncaught Error: Failed opening required '/home/tardeNuevo/Escritorio/Nueva carpetavendor/autoload.php' (include_path='.:/usr/share/php') in /home/tardeNuevo/Escritorio/Nueva carpeta/server.php:2
Stack trace:
#0 {main}
  thrown in /home/tardeNuevo/Escritorio/Nueva carpeta/server.php on line 2
